2018-06-18 10:09:57 INFO  Get_Reponse_Code:33 - https://mail.google.com/mail/?tab=wm : 200 : OK
2018-06-18 10:09:57 INFO  Get_Reponse_Code:33 - https://www.google.fi/imghp?hl=fi&tab=wi : 200 : OK
2018-06-18 10:09:58 INFO  Get_Reponse_Code:33 - https://www.google.fi/intl/fi/options/ : 200 : OK
2018-06-18 10:09:58 INFO  Get_Reponse_Code:33 - https://myaccount.google.com/?utm_source=OGB&utm_medium=app : 200 : OK
2018-06-18 10:09:58 INFO  Get_Reponse_Code:33 - https://www.google.fi/webhp?tab=ww : 200 : OK
2018-06-18 10:09:59 INFO  Get_Reponse_Code:33 - https://maps.google.fi/maps?hl=fi&tab=wl : 200 : OK
2018-06-18 10:09:59 INFO  Get_Reponse_Code:33 - https://www.youtube.com/?gl=FI : 200 : OK
2018-06-18 10:09:59 INFO  Get_Reponse_Code:33 - https://play.google.com/?hl=fi&tab=w8 : 200 : OK
2018-06-18 10:10:00 INFO  Get_Reponse_Code:33 - https://mail.google.com/mail/?tab=wm : 200 : OK
2018-06-18 10:10:00 INFO  Get_Reponse_Code:33 - https://www.google.com/contacts/?hl=fi&tab=wC : 200 : OK
2018-06-18 10:10:00 INFO  Get_Reponse_Code:33 - https://drive.google.com/?tab=wo : 200 : OK
2018-06-18 10:10:01 INFO  Get_Reponse_Code:33 - https://www.google.com/calendar?tab=wc : 200 : OK
2018-06-18 10:10:01 INFO  Get_Reponse_Code:33 - https://plus.google.com/?gpsrc=ogpy0&tab=wX : 200 : OK
2018-06-18 10:10:02 INFO  Get_Reponse_Code:33 - https://photos.google.com/?tab=wq&pageId=none : 200 : OK
2018-06-18 10:10:02 INFO  Get_Reponse_Code:33 - https://www.google.fi/intl/fi/options/ : 200 : OK
2018-06-18 10:10:02 INFO  Get_Reponse_Code:33 - https://docs.google.com/document/?usp=docs_alc : 200 : OK
2018-06-18 10:10:03 INFO  Get_Reponse_Code:33 - https://www.blogger.com/?tab=wj : 200 : OK
2018-06-18 10:10:04 INFO  Get_Reponse_Code:33 - https://hangouts.google.com/ : 200 : OK
2018-06-18 10:10:04 INFO  Get_Reponse_Code:33 - https://keep.google.com/ : 200 : OK
2018-06-18 10:10:05 INFO  Get_Reponse_Code:33 - https://earth.google.com/web/ : 200 : OK
2018-06-18 10:10:05 INFO  Get_Reponse_Code:33 - https://www.google.fi/intl/fi/options/ : 200 : OK
2018-06-18 10:10:05 INFO  Get_Reponse_Code:33 - https://accounts.google.com/ServiceLogin?hl=fi&passive=true&continue=https://www.google.fi/%3Fgws_rd%3Dssl : 200 : OK
2018-06-18 10:10:05 INFO  Get_Reponse_Code:33 - https://www.google.fi/webhp?hl=fi&ictx=2&sa=X&ved=0ahUKEwjH1v6D1NzbAhWKkiwKHVMwC80QPQgD : 200 : OK
2018-06-18 10:10:06 INFO  Get_Reponse_Code:33 - https://support.google.com/websearch/answer/186645?hl=fi : 200 : OK
2018-06-18 10:10:06 INFO  Get_Reponse_Code:33 - https://www.google.fi/?gws_rd=ssl# : 200 : OK
2018-06-18 10:10:07 INFO  Get_Reponse_Code:33 - https://www.google.fi/?gws_rd=ssl# : 200 : OK
2018-06-18 10:10:07 INFO  Get_Reponse_Code:33 - https://www.google.fi/setprefs?sig=0_6FKqGbd6RDxuiEuh2K5xdG4LsoU%3D&hl=sv&source=homepage&sa=X&ved=0ahUKEwjH1v6D1NzbAhWKkiwKHVMwC80Q2ZgBCAk : 200 : OK
2018-06-18 10:10:08 INFO  Get_Reponse_Code:33 - https://www.google.fi/setprefs?sig=0_6FKqGbd6RDxuiEuh2K5xdG4LsoU%3D&hl=en&source=homepage&sa=X&ved=0ahUKEwjH1v6D1NzbAhWKkiwKHVMwC80Q2ZgBCAo : 200 : OK
2018-06-18 10:10:08 INFO  Get_Reponse_Code:33 - https://www.google.fi/intl/fi_fi/policies/privacy/?fg=1 : 200 : OK
2018-06-18 10:10:08 INFO  Get_Reponse_Code:33 - https://www.google.fi/intl/fi_fi/policies/terms/?fg=1 : 200 : OK
2018-06-18 10:10:08 INFO  Get_Reponse_Code:33 - https://www.google.fi/preferences?hl=fi : 200 : OK
2018-06-18 10:10:08 INFO  Get_Reponse_Code:33 - https://www.google.fi/preferences?hl=fi&fg=1 : 200 : OK
2018-06-18 10:10:08 INFO  Get_Reponse_Code:33 - https://www.google.fi/advanced_search?hl=fi&fg=1 : 200 : OK
2018-06-18 10:10:09 INFO  Get_Reponse_Code:33 - https://www.google.fi/history/optout?hl=fi&fg=1 : 200 : OK
2018-06-18 10:10:09 INFO  Get_Reponse_Code:33 - https://support.google.com/websearch/?p=ws_results_help&hl=fi&fg=1 : 200 : OK
2018-06-18 10:10:09 INFO  Get_Reponse_Code:33 - https://www.google.fi/?gws_rd=ssl# : 200 : OK
2018-06-18 10:10:10 INFO  Get_Reponse_Code:33 - https://www.google.fi/intl/fi_fi/ads/?subid=ww-ww-et-g-awa-a-g_hpafoot1_1!o2&utm_source=google.com&utm_medium=referral&utm_campaign=google_hpafooter&fg=1 : 200 : OK
2018-06-18 10:10:10 INFO  Get_Reponse_Code:33 - https://www.google.fi/services/?subid=ww-ww-et-g-awa-a-g_hpbfoot1_1!o2&utm_source=google.com&utm_medium=referral&utm_campaign=google_hpbfooter&fg=1 : 200 : OK
2018-06-18 10:10:10 INFO  Get_Reponse_Code:33 - https://www.google.fi/intl/fi_fi/about/?utm_source=google.com&utm_medium=referral&utm_campaign=hp-footer&fg=1 : 200 : OK
